生成启动时间为 2017/9/4 11:36:28。
     1>项目“F:\Qtproject\SeriaHelp\SeriaHelp\SeriaHelp.vcxproj”在节点 2 上(build 个目标)。
     1>InitializeBuildStatus:
         正在创建“Debug\SeriaHelp.unsuccessfulbuild”，因为已指定“AlwaysCreate”。
       CustomBuild:
         Uic'ing seriahelp.ui...
     1>F:\Qtproject\SeriaHelp\SeriaHelp\seriahelp.ui : warning : The name 'layoutWidget' (QWidget) is already in use, defaulting to 'layoutWidget1'.
     1>F:\Qtproject\SeriaHelp\SeriaHelp\seriahelp.ui : warning : The name 'layoutWidget' (QWidget) is already in use, defaulting to 'layoutWidget2'.
     1>F:\Qtproject\SeriaHelp\SeriaHelp\seriahelp.ui : warning : The name 'layoutWidget' (QWidget) is already in use, defaulting to 'layoutWidget3'.
       ClCompile:
         D:\vs2010\VC\bin\CL.exe /c /ID:\qt5.5.1\5.5\msvc2010\include\QtSerialPort /I.\GeneratedFiles /I. /ID:\qt5.5.1\5.5\msvc2010\include /I.\GeneratedFiles\Debug /ID:\qt5.5.1\5.5\msvc2010\include\QtCore /ID:\qt5.5.1\5.5\msvc2010\include\QtGui /ID:\qt5.5.1\5.5\msvc2010\include\QtWidgets /Zi /nologo /W1 /WX- /Od /Oy- /D UNICODE /D WIN32 /D WIN64 /D QT_DLL /D QT_CORE_LIB /D QT_GUI_LIB /D QT_WIDGETS_LIB /Gm- /EHsc /MDd /GS /fp:precise /Zc:wchar_t /Zc:forScope /Fo"Debug\\" /Fd"Debug\vc100.pdb" /Gd /TP /analyze- /errorReport:prompt GeneratedFiles\Debug\moc_seriahelp.cpp main.cpp seriahelp.cpp
         moc_seriahelp.cpp
         main.cpp
         seriahelp.cpp
         正在生成代码...
         所有输出均为最新。
       ResourceCompile:
         所有输出均为最新。
       Link:
         D:\vs2010\VC\bin\link.exe /ERRORREPORT:PROMPT /OUT:"F:\Qtproject\SeriaHelp\Win32\Debug\\SeriaHelp.exe" /NOLOGO /LIBPATH:D:\qt5.5.1\5.5\msvc2010\lib qtmaind.lib Qt5Cored.lib Qt5Guid.lib Qt5Widgetsd.lib Qt5SerialPortd.lib kernel32.lib user32.lib gdi32.lib winspool.lib comdlg32.lib advapi32.lib shell32.lib ole32.lib oleaut32.lib uuid.lib odbc32.lib odbccp32.lib /MANIFEST /ManifestFile:"Debug\SeriaHelp.exe.intermediate.manifest" /MANIFESTUAC:"level='asInvoker' uiAccess='false'" /DEBUG /PDB:"F:\Qtproject\SeriaHelp\Win32\Debug\SeriaHelp.pdb" /SUBSYSTEM:WINDOWS /TLBID:1 /DYNAMICBASE /NXCOMPAT /IMPLIB:"F:\Qtproject\SeriaHelp\Win32\Debug\SeriaHelp.lib" /MACHINE:X86 Debug\SeriaHelp.res
         Debug\moc_seriahelp.obj
         Debug\qrc_seriahelp.obj
         Debug\main.obj
         Debug\seriahelp.obj
         LINK : 没有找到 F:\Qtproject\SeriaHelp\Win32\Debug\\SeriaHelp.exe 或上一个增量链接没有生成它；正在执行完全链接
         SeriaHelp.vcxproj -> F:\Qtproject\SeriaHelp\Win32\Debug\SeriaHelp.exe
       Manifest:
         C:\Program Files (x86)\Microsoft SDKs\Windows\v7.0A\bin\mt.exe /nologo /verbose /outputresource:"F:\Qtproject\SeriaHelp\Win32\Debug\\SeriaHelp.exe;#1" /manifest Debug\SeriaHelp.exe.intermediate.manifest
       FinalizeBuildStatus:
         正在删除文件“Debug\SeriaHelp.unsuccessfulbuild”。
         正在对“Debug\SeriaHelp.lastbuildstate”执行 Touch 任务。
     1>已完成生成项目“F:\Qtproject\SeriaHelp\SeriaHelp\SeriaHelp.vcxproj”(build 个目标)的操作。

生成成功。

已用时间 00:00:12.98
